<?xml version="1.0" encoding="UTF-8"?>
<testng-results skipped="0" failed="0" ignored="0" total="2" passed="2">
  <reporter-output>
  </reporter-output>
  <suite name="MainTest" duration-ms="11955" started-at="2019-05-14T08:37:11Z" finished-at="2019-05-14T08:37:23Z">
    <groups>
    </groups>
    <test name="Command line test" duration-ms="11955" started-at="2019-05-14T08:37:11Z" finished-at="2019-05-14T08:37:23Z">
      <class name="MainTest">
        <test-method status="PASS" signature="beforeTest()[pri:0, instance:MainTest@366e2eef]" name="beforeTest" is-config="true" duration-ms="2813" started-at="2019-05-14T08:37:11Z" finished-at="2019-05-14T08:37:14Z">
          <reporter-output>
          </reporter-output>
        </test-method> <!-- beforeTest -->
        <test-method status="PASS" signature="testOpenPageGoogle()[pri:0, instance:MainTest@366e2eef]" name="testOpenPageGoogle" duration-ms="4386" started-at="2019-05-14T08:37:14Z" finished-at="2019-05-14T08:37:18Z">
          <reporter-output>
          </reporter-output>
        </test-method> <!-- testOpenPageGoogle -->
        <test-method status="PASS" signature="afterTest()[pri:0, instance:MainTest@366e2eef]" name="afterTest" is-config="true" duration-ms="2" started-at="2019-05-14T08:37:18Z" finished-at="2019-05-14T08:37:18Z">
          <reporter-output>
          </reporter-output>
        </test-method> <!-- afterTest -->
        <test-method status="PASS" signature="beforeTest()[pri:0, instance:MainTest@366e2eef]" name="beforeTest" is-config="true" duration-ms="2257" started-at="2019-05-14T08:37:18Z" finished-at="2019-05-14T08:37:21Z">
          <reporter-output>
          </reporter-output>
        </test-method> <!-- beforeTest -->
        <test-method status="PASS" signature="testOpenPageYandex()[pri:0, instance:MainTest@366e2eef]" name="testOpenPageYandex" duration-ms="2463" started-at="2019-05-14T08:37:21Z" finished-at="2019-05-14T08:37:23Z">
          <reporter-output>
          </reporter-output>
        </test-method> <!-- testOpenPageYandex -->
        <test-method status="PASS" signature="afterTest()[pri:0, instance:MainTest@366e2eef]" name="afterTest" is-config="true" duration-ms="1" started-at="2019-05-14T08:37:23Z" finished-at="2019-05-14T08:37:23Z">
          <reporter-output>
          </reporter-output>
        </test-method> <!-- afterTest -->
      </class> <!-- MainTest -->
    </test> <!-- Command line test -->
  </suite> <!-- MainTest -->
</testng-results>
